<?xml version="1.0" encoding="UTF-8"?>
<!-- Generated by org.testng.reporters.JUnitReportReporter -->
<testsuite hostname="DESKTOP-IP80BGQ" failures="0" tests="1" name="PaidTestNGCourse_2022.ExpectedExceptionConcept" time="0.001" errors="0" timestamp="2022-05-12T12:20:08 IST" skipped="0">
  <testcase classname="PaidTestNGCourse_2022.ExpectedExceptionConcept" name="loginTest" time="0.001"/>
  <system-out/>
</testsuite> <!-- PaidTestNGCourse_2022.ExpectedExceptionConcept -->
