<?xml version="1.0" encoding="UTF-8"?>
<!-- Generated by org.testng.reporters.JUnitReportReporter -->
<testsuite hostname="DESKTOP-IP80BGQ" failures="0" tests="5" name="PaidTestNGCourse_2022.PriorityTest" time="0.008" errors="0" timestamp="2022-05-12T12:27:17 IST" skipped="0">
  <testcase classname="PaidTestNGCourse_2022.PriorityTest" name="test2" time="0.001"/>
  <system-out/>
  <testcase classname="PaidTestNGCourse_2022.PriorityTest" name="test3" time="0.002"/>
  <system-out/>
  <testcase classname="PaidTestNGCourse_2022.PriorityTest" name="test1" time="0.002"/>
  <system-out/>
  <testcase classname="PaidTestNGCourse_2022.PriorityTest" name="test4" time="0.001"/>
  <system-out/>
  <testcase classname="PaidTestNGCourse_2022.PriorityTest" name="test5" time="0.002"/>
  <system-out/>
</testsuite> <!-- PaidTestNGCourse_2022.PriorityTest -->
