<?xml version="1.0" encoding="UTF-8"?>
<!-- Generated by org.testng.reporters.JUnitReportReporter -->
<testsuite hostname="DESKTOP-IP80BGQ" failures="0" tests="3" name="com.Test.LoginTest" time="4.142" errors="0" timestamp="2022-05-14T08:57:51 IST" skipped="0">
  <testcase classname="com.Test.LoginTest" name="signUpLinkTest" time="0.118"/>
  <system-out/>
  <testcase classname="com.Test.LoginTest" name="loginTitleTest" time="0.011"/>
  <system-out/>
  <testcase classname="com.Test.LoginTest" name="signInTest" time="4.013"/>
  <system-out/>
</testsuite> <!-- com.Test.LoginTest -->
