<?xml version="1.0" encoding="UTF-8"?>
<!-- Generated by org.testng.reporters.JUnitReportReporter -->
<testsuite hostname="DESKTOP-IP80BGQ" failures="0" tests="3" name="PaidTestNGCourse_2022.TestNgAnnotations" time="23.748" errors="0" timestamp="2022-05-12T11:05:03 IST" skipped="0">
  <testcase classname="PaidTestNGCourse_2022.TestNgAnnotations" name="signUpLinkTest" time="8.455"/>
  <system-out/>
  <testcase classname="PaidTestNGCourse_2022.TestNgAnnotations" name="loginTitleTest" time="8.319"/>
  <system-out/>
  <testcase classname="PaidTestNGCourse_2022.TestNgAnnotations" name="signInTest" time="6.974"/>
  <system-out/>
</testsuite> <!-- PaidTestNGCourse_2022.TestNgAnnotations -->
