<?xml version="1.0" encoding="UTF-8"?>
<!-- Generated by org.testng.reporters.JUnitReportReporter -->
<testsuite hostname="DESKTOP-IP80BGQ" failures="0" tests="3" name="PaidTestNGCourse_2022.LoginPageTest" time="17.042" errors="0" timestamp="2022-05-11T12:07:48 IST" skipped="0">
  <testcase classname="PaidTestNGCourse_2022.LoginPageTest" name="signUpLinkTest" time="4.729"/>
  <system-out/>
  <testcase classname="PaidTestNGCourse_2022.LoginPageTest" name="loginTitleTest" time="4.630"/>
  <system-out/>
  <testcase classname="PaidTestNGCourse_2022.LoginPageTest" name="signInTest" time="7.683"/>
  <system-out/>
</testsuite> <!-- PaidTestNGCourse_2022.LoginPageTest -->
