<?xml version="1.0" encoding="UTF-8"?>
<!-- Generated by org.testng.reporters.JUnitReportReporter -->
<testsuite hostname="DESKTOP-IP80BGQ" failures="0" tests="10" name="PaidTestNGCourse_2022.InvocationCountConcept" time="0.016" errors="0" timestamp="2022-05-12T12:27:17 IST" skipped="0">
  <testcase classname="PaidTestNGCourse_2022.InvocationCountConcept" name="createUser" time="0.000"/>
  <system-out/>
  <testcase classname="PaidTestNGCourse_2022.InvocationCountConcept" name="createUser" time="0.002"/>
  <system-out/>
  <testcase classname="PaidTestNGCourse_2022.InvocationCountConcept" name="createUser" time="0.001"/>
  <system-out/>
  <testcase classname="PaidTestNGCourse_2022.InvocationCountConcept" name="createUser" time="0.001"/>
  <system-out/>
  <testcase classname="PaidTestNGCourse_2022.InvocationCountConcept" name="createUser" time="0.001"/>
  <system-out/>
  <testcase classname="PaidTestNGCourse_2022.InvocationCountConcept" name="createUser" time="0.007"/>
  <system-out/>
  <testcase classname="PaidTestNGCourse_2022.InvocationCountConcept" name="createUser" time="0.001"/>
  <system-out/>
  <testcase classname="PaidTestNGCourse_2022.InvocationCountConcept" name="createUser" time="0.001"/>
  <system-out/>
  <testcase classname="PaidTestNGCourse_2022.InvocationCountConcept" name="createUser" time="0.001"/>
  <system-out/>
  <testcase classname="PaidTestNGCourse_2022.InvocationCountConcept" name="createUser" time="0.001"/>
  <system-out/>
</testsuite> <!-- PaidTestNGCourse_2022.InvocationCountConcept -->
